# JRE version: OpenJDK Runtime Environment (11.0.2+9) (build 11.0.2+9)
# Java VM: OpenJDK 64-Bit Server VM (11.0.2+9, mixed mode, tiered, compressed oops, g1 gc, windows-amd64)
Heap:
 garbage-first heap   total 262144K, used 150407K [0x00000000e0000000, 0x0000000100000000)
  region size 1024K, 15 young (15360K), 2 survivors (2048K)
 Metaspace       used 80161K, capacity 83200K, committed 83408K, reserved 327680K
  class space    used 10438K, capacity 11534K, committed 11648K, reserved 253952K
GC Heap History (10 events):
Event: 6.851 GC heap before
{Heap before GC invocations=8 (full 0):
 garbage-first heap   total 262144K, used 81155K [0x00000000e0000000, 0x0000000100000000)
  region size 1024K, 59 young (60416K), 15 survivors (15360K)
 Metaspace       used 58543K, capacity 60078K, committed 60240K, reserved 307200K
  class space    used 7539K, capacity 8114K, committed 8192K, reserved 253952K
}
Event: 6.866 GC heap after
{Heap after GC invocations=9 (full 0):
 garbage-first heap   total 262144K, used 38013K [0x00000000e0000000, 0x0000000100000000)
  region size 1024K, 7 young (7168K), 7 survivors (7168K)
 Metaspace       used 58543K, capacity 60078K, committed 60240K, reserved 307200K
  class space    used 7539K, capacity 8114K, committed 8192K, reserved 253952K
}
Event: 8.165 GC heap before
{Heap before GC invocations=10 (full 0):
 garbage-first heap   total 262144K, used 189565K [0x00000000e0000000, 0x0000000100000000)
  region size 1024K, 152 young (155648K), 7 survivors (7168K)
 Metaspace       used 66453K, capacity 68388K, committed 68560K, reserved 313344K
  class space    used 8744K, capacity 9494K, committed 9600K, reserved 253952K
}
Event: 8.174 GC heap after
{Heap after GC invocations=11 (full 0):
 garbage-first heap   total 262144K, used 53922K [0x00000000e0000000, 0x0000000100000000)
  region size 1024K, 19 young (19456K), 19 survivors (19456K)
 Metaspace       used 66453K, capacity 68388K, committed 68560K, reserved 313344K
  class space    used 8744K, capacity 9494K, committed 9600K, reserved 253952K
}
Event: 10.171 GC heap before
{Heap before GC invocations=11 (full 0):
 garbage-first heap   total 262144K, used 222882K [0x00000000e0000000, 0x0000000100000000)
  region size 1024K, 153 young (156672K), 19 survivors (19456K)
 Metaspace       used 72722K, capacity 75403K, committed 75600K, reserved 319488K
  class space    used 9666K, capacity 10651K, committed 10752K, reserved 253952K
}
Event: 10.186 GC heap after
{Heap after GC invocations=12 (full 0):
 garbage-first heap   total 262144K, used 96081K [0x00000000e0000000, 0x0000000100000000)
  region size 1024K, 11 young (11264K), 11 survivors (11264K)
 Metaspace       used 72722K, capacity 75403K, committed 75600K, reserved 319488K
  class space    used 9666K, capacity 10651K, committed 10752K, reserved 253952K
}
Event: 11.456 GC heap before
{Heap before GC invocations=12 (full 0):
 garbage-first heap   total 262144K, used 233297K [0x00000000e0000000, 0x0000000100000000)
  region size 1024K, 119 young (121856K), 11 survivors (11264K)
 Metaspace       used 77873K, capacity 80806K, committed 81104K, reserved 325632K
  class space    used 10225K, capacity 11297K, committed 11392K, reserved 253952K
}
Event: 11.466 GC heap after
{Heap after GC invocations=13 (full 0):
 garbage-first heap   total 262144K, used 135080K [0x00000000e0000000, 0x0000000100000000)
  region size 1024K, 12 young (12288K), 12 survivors (12288K)
 Metaspace       used 77873K, capacity 80806K, committed 81104K, reserved 325632K
  class space    used 10225K, capacity 11297K, committed 11392K, reserved 253952K
}
Event: 11.550 GC heap before
{Heap before GC invocations=13 (full 0):
 garbage-first heap   total 262144K, used 145320K [0x00000000e0000000, 0x0000000100000000)
  region size 1024K, 23 young (23552K), 12 survivors (12288K)
 Metaspace       used 78770K, capacity 81785K, committed 82000K, reserved 325632K
  class space    used 10337K, capacity 11428K, committed 11520K, reserved 253952K
}
Event: 11.556 GC heap after
{Heap after GC invocations=14 (full 0):
 garbage-first heap   total 262144K, used 137095K [0x00000000e0000000, 0x0000000100000000)
  region size 1024K, 2 young (2048K), 2 survivors (2048K)
 Metaspace       used 78770K, capacity 81785K, committed 82000K, reserved 325632K
  class space    used 10337K, capacity 11428K, committed 11520K, reserved 253952K
}

